C:\Program Files (x86)\Microsoft Visual Studio\2019\Community\MSBuild\Microsoft\VC\v160\Microsoft.CppBuild.targets(499,5): warning MSB8004: Output Directory does not end with a trailing slash.  This build instance will add the slash as it is required to allow proper evaluation of the Output Directory.
  m_soldier.c
D:\College\IT266\Q2Mod\game\m_soldier.c(409,67): warning C4100: 'damage': unreferenced formal parameter
D:\College\IT266\Q2Mod\game\m_soldier.c(409,57): warning C4100: 'kick': unreferenced formal parameter
D:\College\IT266\Q2Mod\game\m_soldier.c(409,44): warning C4100: 'other': unreferenced formal parameter
D:\College\IT266\Q2Mod\game\m_soldier.c(792,44): warning C4100: 'other': unreferenced formal parameter
D:\College\IT266\Q2Mod\game\m_soldier.c(1144,63): warning C4100: 'attacker': unreferenced formal parameter
D:\College\IT266\Q2Mod\game\m_soldier.c(1144,43): warning C4100: 'inflictor': unreferenced formal parameter
  p_client.c
D:\College\IT266\Q2Mod\game\p_client.c(70,42): warning C4100: 'self': unreferenced formal parameter
D:\College\IT266\Q2Mod\game\p_client.c(179,66): warning C4100: 'damage': unreferenced formal parameter
D:\College\IT266\Q2Mod\game\p_client.c(179,56): warning C4100: 'kick': unreferenced formal parameter
D:\College\IT266\Q2Mod\game\p_client.c(179,43): warning C4100: 'other': unreferenced formal parameter
D:\College\IT266\Q2Mod\game\p_client.c(179,28): warning C4100: 'self': unreferenced formal parameter
D:\College\IT266\Q2Mod\game\p_client.c(211,46): warning C4100: 'inflictor': unreferenced formal parameter
D:\College\IT266\Q2Mod\game\p_client.c(501,91): warning C4100: 'point': unreferenced formal parameter
D:\College\IT266\Q2Mod\game\p_client.c(931,89): warning C4100: 'point': unreferenced formal parameter
D:\College\IT266\Q2Mod\game\p_client.c(931,60): warning C4100: 'attacker': unreferenced formal parameter
D:\College\IT266\Q2Mod\game\p_client.c(931,40): warning C4100: 'inflictor': unreferenced formal parameter
D:\College\IT266\Q2Mod\game\p_client.c(1370,10): warning C4996: 'strcpy': This function or variable may be unsafe. Consider using strcpy_s instead. To disable deprecation, use _CRT_SECURE_NO_WARNINGS. See online help for details.
D:\College\IT266\Q2Mod\game\p_client.c(1375,2): warning C4996: 'strncpy': This function or variable may be unsafe. Consider using strncpy_s instead. To disable deprecation, use _CRT_SECURE_NO_WARNINGS. See online help for details.
D:\College\IT266\Q2Mod\game\p_client.c(1415,2): warning C4996: 'strncpy': This function or variable may be unsafe. Consider using strncpy_s instead. To disable deprecation, use _CRT_SECURE_NO_WARNINGS. See online help for details.
D:\College\IT266\Q2Mod\game\p_client.c(1853,4): warning C4996: 'itoa': The POSIX name for this item is deprecated. Instead, use the ISO C and C++ conformant name: _itoa. See online help for details.
  Generating Code...
     Creating library .\..\release\gamex86.lib and object .\..\release\gamex86.exp
  game.vcxproj -> D:\College\IT266\Q2Mod\game\release\gamex86.dll
